2022.12.16 14:18:12 INFO  tracing is disabled for protocol LSP, to enable tracing of incoming and outgoing JSON messages create an empty file at /h/d7/k/da2628ta-s/ownProjects/Advent22/.metals/lsp.trace.json or /h/d7/k/da2628ta-s/.cache/metals/lsp.trace.json[0m
2022.12.16 14:18:13 INFO  logging to file /h/d7/k/da2628ta-s/ownProjects/Advent22/.metals/metals.log[0m
2022.12.16 14:18:13 INFO  Started: Metals version 0.11.8 in workspace '/h/d7/k/da2628ta-s/ownProjects/Advent22' for client Visual Studio Code 1.70.2.[0m
2022.12.16 14:18:15 WARN  Flyway upgrade recommended: H2 2.1.214 is newer than this version of Flyway and support has not been tested. The latest supported version of H2 is 2.1.210.[0m
2022.12.16 14:18:15 INFO  time: initialize in 2.55s[0m
2022.12.16 14:18:18 WARN  Build server is not auto-connectable.[0m
2022.12.16 14:18:18 WARN  no build tool detected in workspace '/h/d7/k/da2628ta-s/ownProjects/Advent22'. The most common cause for this problem is that the editor was opened in the wrong working directory, for example if you use sbt then the workspace directory should contain build.sbt. [0m
2022.12.16 14:18:18 WARN  no build target for: /h/d7/k/da2628ta-s/ownProjects/Advent22/day13/Advent13.java[0m
2022.12.16 14:18:18 WARN  no build target for: /h/d7/k/da2628ta-s/ownProjects/Advent22/day9/Advent9.java[0m
Dec 16, 2022 2:18:19 PM org.eclipse.lsp4j.jsonrpc.RemoteEndpoint handleCancellation
WARNING: Unmatched cancel notification for request id 2
Dec 16, 2022 2:18:19 PM org.eclipse.lsp4j.jsonrpc.RemoteEndpoint handleCancellation
WARNING: Unmatched cancel notification for request id 1
2022.12.16 14:18:21 INFO  time: code lens generation in 2.32s[0m
2022.12.16 14:18:23 WARN  no build target for: /h/d7/k/da2628ta-s/ownProjects/Advent22/inputread/InputListReader.java[0m
2022.12.16 14:18:25 INFO  time: code lens generation in 1.31s[0m
Dec 16, 2022 2:18:52 PM org.eclipse.lsp4j.jsonrpc.RemoteEndpoint handleCancellation
WARNING: Unmatched cancel notification for request id 78
2022.12.16 14:20:34 WARN  no build target for: /h/d7/k/da2628ta-s/ownProjects/Advent22/day13/Advent13.java[0m
2022.12.16 14:21:02 WARN  no build target for: /h/d7/k/da2628ta-s/ownProjects/Advent22/day13/Advent13.java[0m
2022.12.16 14:21:02 WARN  no build target for: /h/d7/k/da2628ta-s/ownProjects/Advent22/day13/Advent13.java[0m
2022.12.16 14:21:34 WARN  no build target for: /h/d7/k/da2628ta-s/ownProjects/Advent22/day13/Advent13.java[0m
